24198:17:05:06 Starting build
  flags: -g -O2 -DNDEBUG -DHOST_EXAMPLE_CODE=1 -static -fsanitize=shadow-call-stack -DHAVE_SYS_STAT_H=1 -DUSE_NATIVE_PTHREAD=1 -DGCC_INLINE_MACRO=1 -DNO_RESTRICT_QUALIFIER=1 -DEE_SIZEOF_LONG=8 -DEE_SIZEOF_PTR=8 -DEE_PTR_ALIGN=8 -DEE_SIZEOF_INT=4 -DEE_SIZEOF_LONG=8  -static 
 24198:17:05:07 mith
  bench-flags: 
 24198:17:05:08 cjpeg-rose7-preset
  wld-flags: 
 24198:17:05:09 core
  wld-flags: 
 24198:17:05:09 linear_alg-mid-100x100-sp
  wld-flags: 
 24198:17:05:09 loops-all-mid-10k-sp
  wld-flags: 
 24198:17:05:10 nnet_test
  wld-flags: 
 24198:17:05:10 parser-125k
  wld-flags: 
 24198:17:05:11 radix2-big-64k
  wld-flags: 
 24198:17:05:11 sha-test
  wld-flags: 
 24198:17:05:12 zip-test
  wld-flags: 
